2026-04-14 16:11:16,269 
════════════════════════════════════════════════════════
SCAN START — 2026-04-14 16:11 UTC
════════════════════════════════════════════════════════
2026-04-14 16:11:17,172   ACTIVE HOURS | conf≥50% | score≥1 | ADX≥15 | ✓ Normal vol 0.53%
2026-04-14 16:11:17,415 ✓ Verified 20 USDC symbols
2026-04-14 16:11:17,514 ✅ Deribit Live: $88669.17
2026-04-14 16:11:18,579 Scanning 20 coins | Mode: ACTIVE HOURS
2026-04-14 16:11:18,579 
  ── BTCUSDT (👑 Big Three) ──
2026-04-14 16:11:20,233       ML: BUY 81.6% (need ≥50%)
2026-04-14 16:11:20,233       ADX: 30.3 (need ≥15)
2026-04-14 16:11:20,233       Score: 2 (need ≥1)
2026-04-14 16:11:20,234       🛑 MARGIN PROTECTED: Slots full (3/3). Trade skipped.
2026-04-14 16:11:20,334 
  ── ETHUSDT (👑 Big Three) ──
2026-04-14 16:11:22,123       ML: BUY 75.4% (need ≥50%)
2026-04-14 16:11:22,123       ADX: 25.4 (need ≥15)
2026-04-14 16:11:22,123       Score: 3 (need ≥1)
2026-04-14 16:11:22,124       🛑 MARGIN PROTECTED: Slots full (3/3). Trade skipped.
2026-04-14 16:11:22,224 
  ── BNBUSDT (👑 Big Three) ──
2026-04-14 16:11:23,825       ML: BUY 56.6% (need ≥50%)
2026-04-14 16:11:23,826       ADX: 38.8 (need ≥15)
2026-04-14 16:11:23,826       Score: 1 (need ≥1)
2026-04-14 16:11:23,826       🛑 MARGIN PROTECTED: Slots full (3/3). Trade skipped.
2026-04-14 16:11:23,926 
  ── SOLUSDT (⚡ High-Liquidity L1s) ──
2026-04-14 16:11:25,576       ML: BUY 66.3% (need ≥50%)
2026-04-14 16:11:25,576       ADX: 20.7 (need ≥15)
2026-04-14 16:11:25,576       Score: 3 (need ≥1)
2026-04-14 16:11:25,577       🛑 MARGIN PROTECTED: Slots full (3/3). Trade skipped.
2026-04-14 16:11:25,677 
  ── AVAXUSDT (⚡ High-Liquidity L1s) ──
2026-04-14 16:11:27,747       ML: NO_TRADE 98.4% (need ≥50%)
2026-04-14 16:11:27,848 
  ── NEARUSDT (⚡ High-Liquidity L1s) ──
2026-04-14 16:11:29,412       ML: SELL 45.0% (need ≥50%)
2026-04-14 16:11:29,513 
  ── SUIUSDT (⚡ High-Liquidity L1s) ──
2026-04-14 16:11:31,312       ML: NO_TRADE 98.4% (need ≥50%)
2026-04-14 16:11:31,413 
  ── APTUSDT (⚡ High-Liquidity L1s) ──
2026-04-14 16:11:33,255       ML: NO_TRADE 97.3% (need ≥50%)
2026-04-14 16:11:33,355 
  ── LINKUSDT (🏛 Institutional Alts) ──
2026-04-14 16:11:34,921       ML: NO_TRADE 98.9% (need ≥50%)
2026-04-14 16:11:35,022 
  ── DOTUSDT (🏛 Institutional Alts) ──
2026-04-14 16:11:36,586       ML: SELL 56.0% (need ≥50%)
2026-04-14 16:11:36,586       ADX: 23.7 (need ≥15)
2026-04-14 16:11:36,586       Score: 1 (need ≥1)
2026-04-14 16:11:36,587       🛑 MARGIN PROTECTED: Slots full (3/3). Trade skipped.
2026-04-14 16:11:36,687 
  ── UNIUSDT (🏛 Institutional Alts) ──
2026-04-14 16:11:38,511       ML: BUY 54.3% (need ≥50%)
2026-04-14 16:11:38,511       ADX: 18.4 (need ≥15)
2026-04-14 16:11:38,511       Score: 1 (need ≥1)
2026-04-14 16:11:38,512       🛑 MARGIN PROTECTED: Slots full (3/3). Trade skipped.
2026-04-14 16:11:38,612 
  ── AAVEUSDT (🏛 Institutional Alts) ──
2026-04-14 16:11:40,161       ML: NO_TRADE 98.9% (need ≥50%)
2026-04-14 16:11:40,261 
  ── XRPUSDT (🏛 Institutional Alts) ──
2026-04-14 16:11:42,051       ML: BUY 71.0% (need ≥50%)
2026-04-14 16:11:42,051       ADX: 21.1 (need ≥15)
2026-04-14 16:11:42,051       Score: 2 (need ≥1)
2026-04-14 16:11:42,052       🛑 MARGIN PROTECTED: Slots full (3/3). Trade skipped.
2026-04-14 16:11:42,152 
  ── FETUSDT (🤖 AI & Momentum) ──
2026-04-14 16:11:43,710       ML: BUY 40.2% (need ≥50%)
2026-04-14 16:11:43,810 
  ── RENDERUSDT (🤖 AI & Momentum) ──
2026-04-14 16:11:45,387       ML: SELL 49.8% (need ≥50%)
2026-04-14 16:11:45,488 
  ── ADAUSDT (🤖 AI & Momentum) ──
2026-04-14 16:11:47,094       ML: BUY 53.2% (need ≥50%)
2026-04-14 16:11:47,095       ADX: 22.8 (need ≥15)
2026-04-14 16:11:47,095       Score: 1 (need ≥1)
2026-04-14 16:11:47,095       🛑 MARGIN PROTECTED: Slots full (3/3). Trade skipped.
2026-04-14 16:11:47,195 
  ── INJUSDT (🤖 AI & Momentum) ──
2026-04-14 16:11:48,780       ML: NO_TRADE 98.5% (need ≥50%)
2026-04-14 16:11:48,880 
  ── ARBUSDT (🤖 AI & Momentum) ──
2026-04-14 16:11:50,401       ML: SELL 56.9% (need ≥50%)
2026-04-14 16:11:50,401       ADX: 30.5 (need ≥15)
2026-04-14 16:11:50,401       Score: 1 (need ≥1)
2026-04-14 16:11:50,402       🛑 MARGIN PROTECTED: Slots full (3/3). Trade skipped.
2026-04-14 16:11:50,502 
  ── OPUSDT (🤖 AI & Momentum) ──
2026-04-14 16:11:52,070       ML: BUY 60.0% (need ≥50%)
2026-04-14 16:11:52,070       ADX: 24.4 (need ≥15)
2026-04-14 16:11:52,070       Score: 2 (need ≥1)
2026-04-14 16:11:52,070       🛑 MARGIN PROTECTED: Slots full (3/3). Trade skipped.
2026-04-14 16:11:52,171 
  ── SEIUSDT (🤖 AI & Momentum) ──
2026-04-14 16:11:53,743       ML: NO_TRADE 98.8% (need ≥50%)
2026-04-14 16:11:53,844 
════════════════════════════════════════════════════════
SCAN COMPLETE
════════════════════════════════════════════════════════
2026-04-14 16:27:10,935 
════════════════════════════════════════════════════════
SCAN START — 2026-04-14 16:27 UTC
════════════════════════════════════════════════════════
2026-04-14 16:27:11,607   ACTIVE HOURS | conf≥50% | score≥1 | ADX≥15 | ✓ Normal vol 0.55%
2026-04-14 16:27:12,087 ✓ Verified 20 USDC symbols
2026-04-14 16:27:12,250 ✅ Deribit Live: $88484.16
2026-04-14 16:27:13,495 Scanning 20 coins | Mode: ACTIVE HOURS
2026-04-14 16:27:13,495 
  ── BTCUSDT (👑 Big Three) ──
2026-04-14 16:27:15,347       ML: BUY 84.4% (need ≥50%)
2026-04-14 16:27:15,347       ADX: 30.2 (need ≥15)
2026-04-14 16:27:15,347       Score: 2 (need ≥1)
2026-04-14 16:27:15,348       🛑 MARGIN PROTECTED: Slots full (3/3). Trade skipped.
2026-04-14 16:27:15,448 
  ── ETHUSDT (👑 Big Three) ──
2026-04-14 16:27:16,963       ML: BUY 73.2% (need ≥50%)
2026-04-14 16:27:16,963       ADX: 23.9 (need ≥15)
2026-04-14 16:27:16,963       Score: 3 (need ≥1)
2026-04-14 16:27:16,963       🛑 MARGIN PROTECTED: Slots full (3/3). Trade skipped.
2026-04-14 16:27:17,063 
  ── BNBUSDT (👑 Big Three) ──
2026-04-14 16:27:18,410       ML: BUY 70.4% (need ≥50%)
2026-04-14 16:27:18,410       ADX: 40.0 (need ≥15)
2026-04-14 16:27:18,410       Score: 2 (need ≥1)
2026-04-14 16:27:18,411       🛑 MARGIN PROTECTED: Slots full (3/3). Trade skipped.
2026-04-14 16:27:18,511 
  ── SOLUSDT (⚡ High-Liquidity L1s) ──
2026-04-14 16:27:19,655       ML: BUY 62.4% (need ≥50%)
2026-04-14 16:27:19,655       ADX: 18.9 (need ≥15)
2026-04-14 16:27:19,655       Score: 1 (need ≥1)
2026-04-14 16:27:19,655       🛑 MARGIN PROTECTED: Slots full (3/3). Trade skipped.
2026-04-14 16:27:19,755 
  ── AVAXUSDT (⚡ High-Liquidity L1s) ──
2026-04-14 16:27:21,097       ML: NO_TRADE 99.1% (need ≥50%)
2026-04-14 16:27:21,197 
  ── NEARUSDT (⚡ High-Liquidity L1s) ──
2026-04-14 16:27:22,340       ML: SELL 48.8% (need ≥50%)
2026-04-14 16:27:22,440 
  ── SUIUSDT (⚡ High-Liquidity L1s) ──
2026-04-14 16:27:23,586       ML: NO_TRADE 98.4% (need ≥50%)
2026-04-14 16:27:23,686 
  ── APTUSDT (⚡ High-Liquidity L1s) ──
2026-04-14 16:27:24,963       ML: NO_TRADE 78.1% (need ≥50%)
2026-04-14 16:27:25,063 
  ── LINKUSDT (🏛 Institutional Alts) ──
2026-04-14 16:27:26,333       ML: NO_TRADE 98.8% (need ≥50%)
2026-04-14 16:27:26,434 
  ── DOTUSDT (🏛 Institutional Alts) ──
2026-04-14 16:27:27,573       ML: SELL 57.8% (need ≥50%)
2026-04-14 16:27:27,574       ADX: 23.3 (need ≥15)
2026-04-14 16:27:27,574       Score: 1 (need ≥1)
2026-04-14 16:27:27,574       🛑 MARGIN PROTECTED: Slots full (3/3). Trade skipped.
2026-04-14 16:27:27,674 
  ── UNIUSDT (🏛 Institutional Alts) ──
2026-04-14 16:27:28,821       ML: NO_TRADE 98.7% (need ≥50%)
2026-04-14 16:27:28,921 
  ── AAVEUSDT (🏛 Institutional Alts) ──
2026-04-14 16:27:30,263       ML: NO_TRADE 98.4% (need ≥50%)
2026-04-14 16:27:30,363 
  ── XRPUSDT (🏛 Institutional Alts) ──
2026-04-14 16:27:31,502       ML: BUY 63.9% (need ≥50%)
2026-04-14 16:27:31,502       ADX: 20.7 (need ≥15)
2026-04-14 16:27:31,502       Score: 2 (need ≥1)
2026-04-14 16:27:31,502       🛑 MARGIN PROTECTED: Slots full (3/3). Trade skipped.
2026-04-14 16:27:31,603 
  ── FETUSDT (🤖 AI & Momentum) ──
2026-04-14 16:27:32,746       ML: BUY 41.9% (need ≥50%)
2026-04-14 16:27:32,846 
  ── RENDERUSDT (🤖 AI & Momentum) ──
2026-04-14 16:27:33,978       ML: SELL 49.1% (need ≥50%)
2026-04-14 16:27:34,078 
  ── ADAUSDT (🤖 AI & Momentum) ──
2026-04-14 16:27:35,223       ML: BUY 51.6% (need ≥50%)
2026-04-14 16:27:35,224       ADX: 23.2 (need ≥15)
2026-04-14 16:27:35,224       Score: 2 (need ≥1)
2026-04-14 16:27:35,224       🛑 MARGIN PROTECTED: Slots full (3/3). Trade skipped.
2026-04-14 16:27:35,324 
  ── INJUSDT (🤖 AI & Momentum) ──
2026-04-14 16:27:36,468       ML: NO_TRADE 98.7% (need ≥50%)
2026-04-14 16:27:36,568 
  ── ARBUSDT (🤖 AI & Momentum) ──
2026-04-14 16:27:37,695       ML: SELL 55.7% (need ≥50%)
2026-04-14 16:27:37,695       ADX: 29.9 (need ≥15)
2026-04-14 16:27:37,695       Score: 1 (need ≥1)
2026-04-14 16:27:37,696       🛑 MARGIN PROTECTED: Slots full (3/3). Trade skipped.
2026-04-14 16:27:37,796 
  ── OPUSDT (🤖 AI & Momentum) ──
2026-04-14 16:27:38,935       ML: BUY 57.8% (need ≥50%)
2026-04-14 16:27:38,936       ADX: 23.9 (need ≥15)
2026-04-14 16:27:38,936       Score: 2 (need ≥1)
2026-04-14 16:27:38,936       🛑 MARGIN PROTECTED: Slots full (3/3). Trade skipped.
2026-04-14 16:27:39,036 
  ── SEIUSDT (🤖 AI & Momentum) ──
2026-04-14 16:27:40,177       ML: NO_TRADE 98.9% (need ≥50%)
2026-04-14 16:27:40,278 
════════════════════════════════════════════════════════
SCAN COMPLETE
════════════════════════════════════════════════════════
2026-04-14 16:40:34,710 
════════════════════════════════════════════════════════
SCAN START — 2026-04-14 16:40 UTC
════════════════════════════════════════════════════════
2026-04-14 16:40:35,653   ACTIVE HOURS | conf≥50% | score≥1 | ADX≥15 | ✓ Normal vol 0.55%
2026-04-14 16:40:35,942 ✓ Verified 20 USDC symbols
2026-04-14 16:40:36,043 ✅ Deribit Live: $88408.27
2026-04-14 16:40:37,457 Scanning 20 coins | Mode: ACTIVE HOURS
2026-04-14 16:40:37,457 
  ── BTCUSDT (👑 Big Three) ──
2026-04-14 16:40:39,217       ML: BUY 84.8% (need ≥50%)
2026-04-14 16:40:39,217       ADX: 29.5 (need ≥15)
2026-04-14 16:40:39,217       Score: 2 (need ≥1)
2026-04-14 16:40:39,218       🛑 MARGIN PROTECTED: Slots full (3/3). Trade skipped.
2026-04-14 16:40:39,318 
  ── ETHUSDT (👑 Big Three) ──
2026-04-14 16:40:40,832       ML: BUY 70.8% (need ≥50%)
2026-04-14 16:40:40,832       ADX: 22.2 (need ≥15)
2026-04-14 16:40:40,833       Score: 3 (need ≥1)
2026-04-14 16:40:40,833       🛑 MARGIN PROTECTED: Slots full (3/3). Trade skipped.
2026-04-14 16:40:40,933 
  ── BNBUSDT (👑 Big Three) ──
2026-04-14 16:40:42,606       ML: BUY 71.6% (need ≥50%)
2026-04-14 16:40:42,606       ADX: 40.8 (need ≥15)
2026-04-14 16:40:42,606       Score: 2 (need ≥1)
2026-04-14 16:40:42,607       🛑 MARGIN PROTECTED: Slots full (3/3). Trade skipped.
2026-04-14 16:40:42,707 
  ── SOLUSDT (⚡ High-Liquidity L1s) ──
2026-04-14 16:40:44,211       ML: NO_TRADE 98.2% (need ≥50%)
2026-04-14 16:40:44,311 
  ── AVAXUSDT (⚡ High-Liquidity L1s) ──
2026-04-14 16:40:45,734       ML: NO_TRADE 98.6% (need ≥50%)
2026-04-14 16:40:45,834 
  ── NEARUSDT (⚡ High-Liquidity L1s) ──
2026-04-14 16:40:47,458       ML: SELL 58.9% (need ≥50%)
2026-04-14 16:40:47,458       ADX: 36.5 (need ≥15)
2026-04-14 16:40:47,458       Score: 1 (need ≥1)
2026-04-14 16:40:47,458       🛑 MARGIN PROTECTED: Slots full (3/3). Trade skipped.
2026-04-14 16:40:47,559 
  ── SUIUSDT (⚡ High-Liquidity L1s) ──
2026-04-14 16:40:49,009       ML: NO_TRADE 98.3% (need ≥50%)
2026-04-14 16:40:49,110 
  ── APTUSDT (⚡ High-Liquidity L1s) ──
2026-04-14 16:40:50,867       ML: BUY 71.3% (need ≥50%)
2026-04-14 16:40:50,867       ADX: 18.4 (need ≥15)
2026-04-14 16:40:50,867       Score: 1 (need ≥1)
2026-04-14 16:40:50,867       🛑 MARGIN PROTECTED: Slots full (3/3). Trade skipped.
2026-04-14 16:40:50,968 
  ── LINKUSDT (🏛 Institutional Alts) ──
2026-04-14 16:40:52,412       ML: NO_TRADE 99.0% (need ≥50%)
2026-04-14 16:40:52,512 
  ── DOTUSDT (🏛 Institutional Alts) ──
2026-04-14 16:40:53,965       ML: SELL 55.2% (need ≥50%)
2026-04-14 16:40:53,965       ADX: 22.9 (need ≥15)
2026-04-14 16:40:53,965       Score: 1 (need ≥1)
2026-04-14 16:40:53,966       🛑 MARGIN PROTECTED: Slots full (3/3). Trade skipped.
2026-04-14 16:40:54,066 
  ── UNIUSDT (🏛 Institutional Alts) ──
2026-04-14 16:40:55,521       ML: NO_TRADE 98.7% (need ≥50%)
2026-04-14 16:40:55,621 
  ── AAVEUSDT (🏛 Institutional Alts) ──
2026-04-14 16:40:57,037       ML: BUY 58.8% (need ≥50%)
2026-04-14 16:40:57,037       ADX: 18.1 (need ≥15)
2026-04-14 16:40:57,037       Score: 1 (need ≥1)
2026-04-14 16:40:57,038       🛑 MARGIN PROTECTED: Slots full (3/3). Trade skipped.
2026-04-14 16:40:57,138 
  ── XRPUSDT (🏛 Institutional Alts) ──
2026-04-14 16:40:58,563       ML: BUY 69.5% (need ≥50%)
2026-04-14 16:40:58,563       ADX: 19.9 (need ≥15)
2026-04-14 16:40:58,563       Score: 2 (need ≥1)
2026-04-14 16:40:58,563       🛑 MARGIN PROTECTED: Slots full (3/3). Trade skipped.
2026-04-14 16:40:58,664 
  ── FETUSDT (🤖 AI & Momentum) ──
2026-04-14 16:41:00,110       ML: BUY 39.3% (need ≥50%)
2026-04-14 16:41:00,210 
  ── RENDERUSDT (🤖 AI & Momentum) ──
2026-04-14 16:41:01,646       ML: SELL 51.6% (need ≥50%)
2026-04-14 16:41:01,646       ADX: 22.4 (need ≥15)
2026-04-14 16:41:01,646       Score: 1 (need ≥1)
2026-04-14 16:41:01,647       🛑 MARGIN PROTECTED: Slots full (3/3). Trade skipped.
2026-04-14 16:41:01,747 
  ── ADAUSDT (🤖 AI & Momentum) ──
2026-04-14 16:41:03,203       ML: BUY 49.1% (need ≥50%)
2026-04-14 16:41:03,304 
  ── INJUSDT (🤖 AI & Momentum) ──
2026-04-14 16:41:04,946       ML: NO_TRADE 98.8% (need ≥50%)
2026-04-14 16:41:05,047 
  ── ARBUSDT (🤖 AI & Momentum) ──
2026-04-14 16:41:06,633       ML: SELL 47.7% (need ≥50%)
2026-04-14 16:41:06,733 
  ── OPUSDT (🤖 AI & Momentum) ──
2026-04-14 16:41:08,180       ML: BUY 60.3% (need ≥50%)
2026-04-14 16:41:08,180       ADX: 23.9 (need ≥15)
2026-04-14 16:41:08,180       Score: 2 (need ≥1)
2026-04-14 16:41:08,181       🛑 MARGIN PROTECTED: Slots full (3/3). Trade skipped.
2026-04-14 16:41:08,281 
  ── SEIUSDT (🤖 AI & Momentum) ──
2026-04-14 16:41:09,726       ML: NO_TRADE 98.9% (need ≥50%)
2026-04-14 16:41:09,826 
════════════════════════════════════════════════════════
SCAN COMPLETE
════════════════════════════════════════════════════════
2026-04-14 16:44:23,065 
════════════════════════════════════════════════════════
SCAN START — 2026-04-14 16:44 UTC
════════════════════════════════════════════════════════
2026-04-14 16:44:23,720   ACTIVE HOURS | conf≥50% | score≥1 | ADX≥15 | ✓ Normal vol 0.55%
2026-04-14 16:44:24,316 ✓ Verified 20 USDC symbols
2026-04-14 16:44:24,447 ✅ Deribit Live: $88455.15
2026-04-14 16:44:25,548 Scanning 20 coins | Mode: ACTIVE HOURS
2026-04-14 16:44:25,548 
  ── BTCUSDT (👑 Big Three) ──
2026-04-14 16:44:27,125       ML: BUY 84.8% (need ≥50%)
2026-04-14 16:44:27,125       ADX: 29.5 (need ≥15)
2026-04-14 16:44:27,125       Score: 2 (need ≥1)
2026-04-14 16:44:27,126       🛑 MARGIN PROTECTED: Slots full (3/3). Trade skipped.
2026-04-14 16:44:27,226 
  ── ETHUSDT (👑 Big Three) ──
2026-04-14 16:44:28,927       ML: BUY 72.3% (need ≥50%)
2026-04-14 16:44:28,927       ADX: 22.2 (need ≥15)
2026-04-14 16:44:28,927       Score: 3 (need ≥1)
2026-04-14 16:44:28,928       🛑 MARGIN PROTECTED: Slots full (3/3). Trade skipped.
2026-04-14 16:44:29,028 
  ── BNBUSDT (👑 Big Three) ──
2026-04-14 16:44:30,609       ML: BUY 72.5% (need ≥50%)
2026-04-14 16:44:30,610       ADX: 40.6 (need ≥15)
2026-04-14 16:44:30,610       Score: 2 (need ≥1)
2026-04-14 16:44:30,610       🛑 MARGIN PROTECTED: Slots full (3/3). Trade skipped.
2026-04-14 16:44:30,710 
  ── SOLUSDT (⚡ High-Liquidity L1s) ──
2026-04-14 16:44:32,113       ML: NO_TRADE 98.2% (need ≥50%)
2026-04-14 16:44:32,214 
  ── AVAXUSDT (⚡ High-Liquidity L1s) ──
2026-04-14 16:44:33,589       ML: NO_TRADE 98.3% (need ≥50%)
2026-04-14 16:44:33,689 
  ── NEARUSDT (⚡ High-Liquidity L1s) ──
2026-04-14 16:44:35,073       ML: SELL 55.2% (need ≥50%)
2026-04-14 16:44:35,073       ADX: 36.5 (need ≥15)
2026-04-14 16:44:35,073       Score: 1 (need ≥1)
2026-04-14 16:44:35,074       🛑 MARGIN PROTECTED: Slots full (3/3). Trade skipped.
2026-04-14 16:44:35,174 
  ── SUIUSDT (⚡ High-Liquidity L1s) ──
2026-04-14 16:44:36,558       ML: NO_TRADE 98.3% (need ≥50%)
2026-04-14 16:44:36,658 
  ── APTUSDT (⚡ High-Liquidity L1s) ──
2026-04-14 16:44:38,033       ML: BUY 71.3% (need ≥50%)
2026-04-14 16:44:38,033       ADX: 18.4 (need ≥15)
2026-04-14 16:44:38,033       Score: 1 (need ≥1)
2026-04-14 16:44:38,034       🛑 MARGIN PROTECTED: Slots full (3/3). Trade skipped.
2026-04-14 16:44:38,134 
  ── LINKUSDT (🏛 Institutional Alts) ──
2026-04-14 16:44:39,496       ML: NO_TRADE 99.0% (need ≥50%)
2026-04-14 16:44:39,596 
  ── DOTUSDT (🏛 Institutional Alts) ──
2026-04-14 16:44:40,927       ML: SELL 52.2% (need ≥50%)
2026-04-14 16:44:40,927       ADX: 22.7 (need ≥15)
2026-04-14 16:44:40,927       Score: 2 (need ≥1)
2026-04-14 16:44:40,928       🛑 MARGIN PROTECTED: Slots full (3/3). Trade skipped.
2026-04-14 16:44:41,028 
  ── UNIUSDT (🏛 Institutional Alts) ──
2026-04-14 16:44:42,401       ML: NO_TRADE 98.7% (need ≥50%)
2026-04-14 16:44:42,502 
  ── AAVEUSDT (🏛 Institutional Alts) ──
2026-04-14 16:44:43,831       ML: BUY 36.8% (need ≥50%)
2026-04-14 16:44:43,931 
  ── XRPUSDT (🏛 Institutional Alts) ──
2026-04-14 16:44:45,264       ML: BUY 69.2% (need ≥50%)
2026-04-14 16:44:45,264       ADX: 19.9 (need ≥15)
2026-04-14 16:44:45,264       Score: 2 (need ≥1)
2026-04-14 16:44:45,265       🛑 MARGIN PROTECTED: Slots full (3/3). Trade skipped.
2026-04-14 16:44:45,365 
  ── FETUSDT (🤖 AI & Momentum) ──
2026-04-14 16:44:46,750       ML: BUY 40.0% (need ≥50%)
2026-04-14 16:44:46,851 
  ── RENDERUSDT (🤖 AI & Momentum) ──
2026-04-14 16:44:48,245       ML: SELL 54.2% (need ≥50%)
2026-04-14 16:44:48,245       ADX: 22.4 (need ≥15)
2026-04-14 16:44:48,245       Score: 1 (need ≥1)
2026-04-14 16:44:48,246       🛑 MARGIN PROTECTED: Slots full (3/3). Trade skipped.
2026-04-14 16:44:48,346 
  ── ADAUSDT (🤖 AI & Momentum) ──
2026-04-14 16:44:49,669       ML: BUY 47.6% (need ≥50%)
2026-04-14 16:44:49,770 
  ── INJUSDT (🤖 AI & Momentum) ──
2026-04-14 16:44:51,095       ML: NO_TRADE 98.7% (need ≥50%)
2026-04-14 16:44:51,195 
  ── ARBUSDT (🤖 AI & Momentum) ──
2026-04-14 16:44:52,551       ML: SELL 45.6% (need ≥50%)
2026-04-14 16:44:52,651 
  ── OPUSDT (🤖 AI & Momentum) ──
2026-04-14 16:44:54,056       ML: BUY 62.2% (need ≥50%)
2026-04-14 16:44:54,056       ADX: 24.2 (need ≥15)
2026-04-14 16:44:54,056       Score: 1 (need ≥1)
2026-04-14 16:44:54,057       🛑 MARGIN PROTECTED: Slots full (3/3). Trade skipped.
2026-04-14 16:44:54,157 
  ── SEIUSDT (🤖 AI & Momentum) ──
2026-04-14 16:44:55,495       ML: NO_TRADE 98.9% (need ≥50%)
2026-04-14 16:44:55,595 
════════════════════════════════════════════════════════
SCAN COMPLETE
════════════════════════════════════════════════════════
2026-04-14 16:49:18,483 
════════════════════════════════════════════════════════
SCAN START — 2026-04-14 16:49 UTC
════════════════════════════════════════════════════════
2026-04-14 16:49:19,484   ACTIVE HOURS | conf≥50% | score≥1 | ADX≥15 | ✓ Normal vol 0.54%
2026-04-14 16:49:19,879 ✓ Verified 20 USDC symbols
2026-04-14 16:49:19,974 ✅ Deribit Live: $88355.69
2026-04-14 16:49:21,034 Scanning 20 coins | Mode: ACTIVE HOURS
2026-04-14 16:49:21,034 
  ── BTCUSDT (👑 Big Three) ──
2026-04-14 16:49:23,136       ML: BUY 83.9% (need ≥50%)
2026-04-14 16:49:23,136       ADX: 28.9 (need ≥15)
2026-04-14 16:49:23,136       Score: 3 (need ≥1)
2026-04-14 16:49:23,136       🛑 MARGIN PROTECTED: Slots full (3/3). Trade skipped.
2026-04-14 16:49:23,237 
  ── ETHUSDT (👑 Big Three) ──
2026-04-14 16:49:24,775       ML: BUY 70.3% (need ≥50%)
2026-04-14 16:49:24,775       ADX: 20.6 (need ≥15)
2026-04-14 16:49:24,775       Score: 3 (need ≥1)
2026-04-14 16:49:24,776       🛑 MARGIN PROTECTED: Slots full (3/3). Trade skipped.
2026-04-14 16:49:24,876 
  ── BNBUSDT (👑 Big Three) ──
2026-04-14 16:49:26,499       ML: BUY 73.7% (need ≥50%)
2026-04-14 16:49:26,500       ADX: 40.3 (need ≥15)
2026-04-14 16:49:26,500       Score: 2 (need ≥1)
2026-04-14 16:49:26,500       🛑 MARGIN PROTECTED: Slots full (3/3). Trade skipped.
2026-04-14 16:49:26,600 
  ── SOLUSDT (⚡ High-Liquidity L1s) ──
2026-04-14 16:49:28,330       ML: NO_TRADE 98.1% (need ≥50%)
2026-04-14 16:49:28,430 
  ── AVAXUSDT (⚡ High-Liquidity L1s) ──
2026-04-14 16:49:30,209       ML: NO_TRADE 97.9% (need ≥50%)
2026-04-14 16:49:30,309 
  ── NEARUSDT (⚡ High-Liquidity L1s) ──
2026-04-14 16:49:32,273       ML: SELL 57.6% (need ≥50%)
2026-04-14 16:49:32,273       ADX: 37.6 (need ≥15)
2026-04-14 16:49:32,273       Score: 1 (need ≥1)
2026-04-14 16:49:32,274       🛑 MARGIN PROTECTED: Slots full (3/3). Trade skipped.
2026-04-14 16:49:32,374 
  ── SUIUSDT (⚡ High-Liquidity L1s) ──
2026-04-14 16:49:33,967       ML: NO_TRADE 98.4% (need ≥50%)
2026-04-14 16:49:34,068 
  ── APTUSDT (⚡ High-Liquidity L1s) ──
2026-04-14 16:49:36,158       ML: BUY 73.4% (need ≥50%)
2026-04-14 16:49:36,159       ADX: 19.1 (need ≥15)
2026-04-14 16:49:36,159       Score: 1 (need ≥1)
2026-04-14 16:49:36,159       🛑 MARGIN PROTECTED: Slots full (3/3). Trade skipped.
2026-04-14 16:49:36,259 
  ── LINKUSDT (🏛 Institutional Alts) ──
2026-04-14 16:49:38,238       ML: NO_TRADE 98.8% (need ≥50%)
2026-04-14 16:49:38,339 
  ── DOTUSDT (🏛 Institutional Alts) ──
2026-04-14 16:49:39,884       ML: SELL 61.3% (need ≥50%)
2026-04-14 16:49:39,884       ADX: 21.7 (need ≥15)
2026-04-14 16:49:39,884       Score: 2 (need ≥1)
2026-04-14 16:49:39,885       🛑 MARGIN PROTECTED: Slots full (3/3). Trade skipped.
2026-04-14 16:49:39,985 
  ── UNIUSDT (🏛 Institutional Alts) ──
2026-04-14 16:49:41,706       ML: NO_TRADE 98.8% (need ≥50%)
2026-04-14 16:49:41,806 
  ── AAVEUSDT (🏛 Institutional Alts) ──
2026-04-14 16:49:43,319       ML: BUY 63.0% (need ≥50%)
2026-04-14 16:49:43,320       ADX: 18.6 (need ≥15)
2026-04-14 16:49:43,320       Score: 1 (need ≥1)
2026-04-14 16:49:43,320       🛑 MARGIN PROTECTED: Slots full (3/3). Trade skipped.
2026-04-14 16:49:43,420 
  ── XRPUSDT (🏛 Institutional Alts) ──
2026-04-14 16:49:45,604       ML: BUY 69.8% (need ≥50%)
2026-04-14 16:49:45,604       ADX: 19.4 (need ≥15)
2026-04-14 16:49:45,604       Score: 2 (need ≥1)
2026-04-14 16:49:45,605       🛑 MARGIN PROTECTED: Slots full (3/3). Trade skipped.
2026-04-14 16:49:45,705 
  ── FETUSDT (🤖 AI & Momentum) ──
2026-04-14 16:49:47,314       ML: SELL 40.2% (need ≥50%)
2026-04-14 16:49:47,414 
  ── RENDERUSDT (🤖 AI & Momentum) ──
2026-04-14 16:49:48,942       ML: SELL 53.7% (need ≥50%)
2026-04-14 16:49:48,942       ADX: 23.8 (need ≥15)
2026-04-14 16:49:48,942       Score: 1 (need ≥1)
2026-04-14 16:49:48,943       🛑 MARGIN PROTECTED: Slots full (3/3). Trade skipped.
2026-04-14 16:49:49,043 
  ── ADAUSDT (🤖 AI & Momentum) ──
2026-04-14 16:49:50,617       ML: BUY 46.4% (need ≥50%)
2026-04-14 16:49:50,717 
  ── INJUSDT (🤖 AI & Momentum) ──
2026-04-14 16:49:52,242       ML: NO_TRADE 98.7% (need ≥50%)
2026-04-14 16:49:52,343 
  ── ARBUSDT (🤖 AI & Momentum) ──
2026-04-14 16:49:53,920       ML: BUY 48.1% (need ≥50%)
2026-04-14 16:49:54,020 
  ── OPUSDT (🤖 AI & Momentum) ──
2026-04-14 16:49:55,594       ML: BUY 68.2% (need ≥50%)
2026-04-14 16:49:55,594       ADX: 24.7 (need ≥15)
2026-04-14 16:49:55,595       Score: 2 (need ≥1)
2026-04-14 16:49:55,595       🛑 MARGIN PROTECTED: Slots full (3/3). Trade skipped.
2026-04-14 16:49:55,695 
  ── SEIUSDT (🤖 AI & Momentum) ──
2026-04-14 16:49:57,308       ML: NO_TRADE 98.8% (need ≥50%)
2026-04-14 16:49:57,408 
════════════════════════════════════════════════════════
SCAN COMPLETE
════════════════════════════════════════════════════════
2026-04-14 17:36:55,750 
════════════════════════════════════════════════════════
SCAN START — 2026-04-14 17:36 UTC
════════════════════════════════════════════════════════
2026-04-14 17:36:56,856   ACTIVE HOURS | conf≥50% | score≥1 | ADX≥15 | ✓ Normal vol 0.55%
2026-04-14 17:36:57,311 ✓ Verified 20 USDC symbols
2026-04-14 17:36:57,477 ✅ Deribit Live: $87995.52
2026-04-14 17:36:58,607 Scanning 20 coins | Mode: ACTIVE HOURS
2026-04-14 17:36:58,607 
  ── BTCUSDT (👑 Big Three) ──
2026-04-14 17:37:00,707       ML: BUY 72.6% (need ≥50%)
2026-04-14 17:37:00,707       ADX: 23.7 (need ≥15)
2026-04-14 17:37:00,707       Score: 3 (need ≥1)
2026-04-14 17:37:00,708       🛑 MARGIN PROTECTED: Slots full (3/3). Trade skipped.
2026-04-14 17:37:00,808 
  ── ETHUSDT (👑 Big Three) ──
2026-04-14 17:37:01,973       ML: BUY 51.6% (need ≥50%)
2026-04-14 17:37:01,973       ADX: 20.1 (need ≥15)
2026-04-14 17:37:01,973       Score: 2 (need ≥1)
2026-04-14 17:37:01,973       🛑 MARGIN PROTECTED: Slots full (3/3). Trade skipped.
2026-04-14 17:37:02,073 
  ── BNBUSDT (👑 Big Three) ──
2026-04-14 17:37:03,518       ML: BUY 72.1% (need ≥50%)
2026-04-14 17:37:03,518       ADX: 33.0 (need ≥15)
2026-04-14 17:37:03,518       Score: 3 (need ≥1)
2026-04-14 17:37:03,518       🛑 MARGIN PROTECTED: Slots full (3/3). Trade skipped.
2026-04-14 17:37:03,619 
  ── SOLUSDT (⚡ High-Liquidity L1s) ──
2026-04-14 17:37:04,734       ML: BUY 39.5% (need ≥50%)
2026-04-14 17:37:04,835 
  ── AVAXUSDT (⚡ High-Liquidity L1s) ──
2026-04-14 17:37:05,963       ML: NO_TRADE 98.6% (need ≥50%)
2026-04-14 17:37:06,064 
  ── NEARUSDT (⚡ High-Liquidity L1s) ──
2026-04-14 17:37:07,240       ML: SELL 43.7% (need ≥50%)
2026-04-14 17:37:07,341 
  ── SUIUSDT (⚡ High-Liquidity L1s) ──
2026-04-14 17:37:08,470       ML: NO_TRADE 98.6% (need ≥50%)
2026-04-14 17:37:08,570 
  ── APTUSDT (⚡ High-Liquidity L1s) ──
2026-04-14 17:37:09,694       ML: NO_TRADE 83.1% (need ≥50%)
2026-04-14 17:37:09,795 
  ── LINKUSDT (🏛 Institutional Alts) ──
2026-04-14 17:37:10,926       ML: NO_TRADE 98.9% (need ≥50%)
2026-04-14 17:37:11,026 
  ── DOTUSDT (🏛 Institutional Alts) ──
2026-04-14 17:37:12,151       ML: SELL 71.7% (need ≥50%)
2026-04-14 17:37:12,152       ADX: 22.2 (need ≥15)
2026-04-14 17:37:12,152       Score: 2 (need ≥1)
2026-04-14 17:37:12,152       🛑 MARGIN PROTECTED: Slots full (3/3). Trade skipped.
2026-04-14 17:37:12,252 
  ── UNIUSDT (🏛 Institutional Alts) ──
2026-04-14 17:37:13,363       ML: BUY 39.1% (need ≥50%)
2026-04-14 17:37:13,464 
  ── AAVEUSDT (🏛 Institutional Alts) ──
2026-04-14 17:37:14,596       ML: BUY 47.1% (need ≥50%)
2026-04-14 17:37:14,696 
  ── XRPUSDT (🏛 Institutional Alts) ──
2026-04-14 17:37:15,822       ML: NO_TRADE 98.7% (need ≥50%)
2026-04-14 17:37:15,922 
  ── FETUSDT (🤖 AI & Momentum) ──
2026-04-14 17:37:17,046       ML: SELL 41.7% (need ≥50%)
2026-04-14 17:37:17,147 
  ── RENDERUSDT (🤖 AI & Momentum) ──
2026-04-14 17:37:18,269       ML: SELL 45.3% (need ≥50%)
2026-04-14 17:37:18,369 
  ── ADAUSDT (🤖 AI & Momentum) ──
2026-04-14 17:37:19,547       ML: SELL 40.2% (need ≥50%)
2026-04-14 17:37:19,647 
  ── INJUSDT (🤖 AI & Momentum) ──
2026-04-14 17:37:20,762       ML: NO_TRADE 98.6% (need ≥50%)
2026-04-14 17:37:20,862 
  ── ARBUSDT (🤖 AI & Momentum) ──
2026-04-14 17:37:21,970       ML: SELL 43.9% (need ≥50%)
2026-04-14 17:37:22,070 
  ── OPUSDT (🤖 AI & Momentum) ──
2026-04-14 17:37:23,520       ML: BUY 40.4% (need ≥50%)
2026-04-14 17:37:23,621 
  ── SEIUSDT (🤖 AI & Momentum) ──
2026-04-14 17:37:24,739       ML: NO_TRADE 98.8% (need ≥50%)
2026-04-14 17:37:24,840 
════════════════════════════════════════════════════════
SCAN COMPLETE
════════════════════════════════════════════════════════
2026-04-14 17:56:30,201 
════════════════════════════════════════════════════════
SCAN START — 2026-04-14 17:56 UTC
════════════════════════════════════════════════════════
2026-04-14 17:56:30,872   ACTIVE HOURS | conf≥50% | score≥1 | ADX≥15 | ✓ Normal vol 0.54%
2026-04-14 17:56:31,107 ✓ Verified 20 USDC symbols
2026-04-14 17:56:31,205 ✅ Deribit Live: $88103.58
2026-04-14 17:56:32,337 Scanning 20 coins | Mode: ACTIVE HOURS
2026-04-14 17:56:32,337 
  ── BTCUSDT (👑 Big Three) ──
2026-04-14 17:56:33,921       ML: BUY 79.4% (need ≥50%)
2026-04-14 17:56:33,921       ADX: 22.8 (need ≥15)
2026-04-14 17:56:33,921       Score: 3 (need ≥1)
2026-04-14 17:56:33,922       🛑 MARGIN PROTECTED: Slots full (3/3). Trade skipped.
2026-04-14 17:56:34,022 
  ── ETHUSDT (👑 Big Three) ──
2026-04-14 17:56:35,595       ML: BUY 60.8% (need ≥50%)
2026-04-14 17:56:35,595       ADX: 19.9 (need ≥15)
2026-04-14 17:56:35,595       Score: 1 (need ≥1)
2026-04-14 17:56:35,595       🛑 MARGIN PROTECTED: Slots full (3/3). Trade skipped.
2026-04-14 17:56:35,696 
  ── BNBUSDT (👑 Big Three) ──
2026-04-14 17:56:37,352       ML: BUY 72.1% (need ≥50%)
2026-04-14 17:56:37,352       ADX: 31.3 (need ≥15)
2026-04-14 17:56:37,353       Score: 3 (need ≥1)
2026-04-14 17:56:37,353       🛑 MARGIN PROTECTED: Slots full (3/3). Trade skipped.
2026-04-14 17:56:37,453 
  ── SOLUSDT (⚡ High-Liquidity L1s) ──
2026-04-14 17:56:39,026       ML: BUY 42.3% (need ≥50%)
2026-04-14 17:56:39,127 
  ── AVAXUSDT (⚡ High-Liquidity L1s) ──
2026-04-14 17:56:40,657       ML: NO_TRADE 98.6% (need ≥50%)
2026-04-14 17:56:40,757 
  ── NEARUSDT (⚡ High-Liquidity L1s) ──
2026-04-14 17:56:42,328       ML: SELL 54.7% (need ≥50%)
2026-04-14 17:56:42,328       ADX: 41.9 (need ≥15)
2026-04-14 17:56:42,328       Score: 1 (need ≥1)
2026-04-14 17:56:42,329       🛑 MARGIN PROTECTED: Slots full (3/3). Trade skipped.
2026-04-14 17:56:42,429 
  ── SUIUSDT (⚡ High-Liquidity L1s) ──
2026-04-14 17:56:44,004       ML: BUY 51.7% (need ≥50%)
2026-04-14 17:56:44,004       ADX: 18.8 (need ≥15)
2026-04-14 17:56:44,004       Score: 1 (need ≥1)
2026-04-14 17:56:44,004       🛑 MARGIN PROTECTED: Slots full (3/3). Trade skipped.
2026-04-14 17:56:44,105 
  ── APTUSDT (⚡ High-Liquidity L1s) ──
2026-04-14 17:56:45,669       ML: NO_TRADE 98.4% (need ≥50%)
2026-04-14 17:56:45,770 
  ── LINKUSDT (🏛 Institutional Alts) ──
2026-04-14 17:56:47,369       ML: NO_TRADE 98.1% (need ≥50%)
2026-04-14 17:56:47,470 
  ── DOTUSDT (🏛 Institutional Alts) ──
2026-04-14 17:56:49,051       ML: SELL 73.2% (need ≥50%)
2026-04-14 17:56:49,052       ADX: 23.4 (need ≥15)
2026-04-14 17:56:49,052       Score: 2 (need ≥1)
2026-04-14 17:56:49,052       🛑 MARGIN PROTECTED: Slots full (3/3). Trade skipped.
2026-04-14 17:56:49,152 
  ── UNIUSDT (🏛 Institutional Alts) ──
2026-04-14 17:56:50,751       ML: SELL 42.2% (need ≥50%)
2026-04-14 17:56:50,852 
  ── AAVEUSDT (🏛 Institutional Alts) ──
2026-04-14 17:56:52,425       ML: BUY 47.0% (need ≥50%)
2026-04-14 17:56:52,525 
  ── XRPUSDT (🏛 Institutional Alts) ──
2026-04-14 17:56:54,079       ML: NO_TRADE 98.7% (need ≥50%)
2026-04-14 17:56:54,180 
  ── FETUSDT (🤖 AI & Momentum) ──
2026-04-14 17:56:55,734       ML: BUY 48.3% (need ≥50%)
2026-04-14 17:56:55,834 
  ── RENDERUSDT (🤖 AI & Momentum) ──
2026-04-14 17:56:57,353       ML: SELL 44.7% (need ≥50%)
2026-04-14 17:56:57,453 
  ── ADAUSDT (🤖 AI & Momentum) ──
2026-04-14 17:56:58,977       ML: BUY 50.7% (need ≥50%)
2026-04-14 17:56:58,977       ADX: 19.1 (need ≥15)
2026-04-14 17:56:58,978       Score: 1 (need ≥1)
2026-04-14 17:56:58,978       🛑 MARGIN PROTECTED: Slots full (3/3). Trade skipped.
2026-04-14 17:56:59,078 
  ── INJUSDT (🤖 AI & Momentum) ──
2026-04-14 17:57:00,628       ML: NO_TRADE 98.5% (need ≥50%)
2026-04-14 17:57:00,729 
  ── ARBUSDT (🤖 AI & Momentum) ──
2026-04-14 17:57:02,351       ML: SELL 40.9% (need ≥50%)
2026-04-14 17:57:02,452 
  ── OPUSDT (🤖 AI & Momentum) ──
2026-04-14 17:57:04,099       ML: BUY 49.3% (need ≥50%)
2026-04-14 17:57:04,199 
  ── SEIUSDT (🤖 AI & Momentum) ──
2026-04-14 17:57:05,716       ML: NO_TRADE 98.5% (need ≥50%)
2026-04-14 17:57:05,816 
════════════════════════════════════════════════════════
SCAN COMPLETE
════════════════════════════════════════════════════════
2026-04-14 18:14:24,864 
════════════════════════════════════════════════════════
SCAN START — 2026-04-14 18:14 UTC
════════════════════════════════════════════════════════
2026-04-14 18:14:25,626   ACTIVE HOURS | conf≥50% | score≥1 | ADX≥15 | ✓ Normal vol 0.48%
2026-04-14 18:14:25,882 ✓ Verified 20 USDC symbols
2026-04-14 18:14:25,975 ✅ Deribit Live: $88064.11
2026-04-14 18:14:27,190 Scanning 20 coins | Mode: ACTIVE HOURS
2026-04-14 18:14:27,190 
  ── BTCUSDT (👑 Big Three) ──
2026-04-14 18:14:28,802       ML: BUY 77.5% (need ≥50%)
2026-04-14 18:14:28,802       ADX: 21.9 (need ≥15)
2026-04-14 18:14:28,803       Score: 3 (need ≥1)
2026-04-14 18:14:28,803       🛑 MARGIN PROTECTED: Slots full (3/3). Trade skipped.
2026-04-14 18:14:28,903 
  ── ETHUSDT (👑 Big Three) ──
2026-04-14 18:14:30,524       ML: BUY 62.1% (need ≥50%)
2026-04-14 18:14:30,524       ADX: 19.1 (need ≥15)
2026-04-14 18:14:30,524       Score: 1 (need ≥1)
2026-04-14 18:14:30,525       🛑 MARGIN PROTECTED: Slots full (3/3). Trade skipped.
2026-04-14 18:14:30,625 
  ── BNBUSDT (👑 Big Three) ──
2026-04-14 18:14:32,203       ML: BUY 72.8% (need ≥50%)
2026-04-14 18:14:32,203       ADX: 29.2 (need ≥15)
2026-04-14 18:14:32,203       Score: 3 (need ≥1)
2026-04-14 18:14:32,204       🛑 MARGIN PROTECTED: Slots full (3/3). Trade skipped.
2026-04-14 18:14:32,304 
  ── SOLUSDT (⚡ High-Liquidity L1s) ──
2026-04-14 18:14:34,403       ML: BUY 41.8% (need ≥50%)
2026-04-14 18:14:34,504 
  ── AVAXUSDT (⚡ High-Liquidity L1s) ──
2026-04-14 18:14:36,482       ML: NO_TRADE 98.8% (need ≥50%)
2026-04-14 18:14:36,583 
  ── NEARUSDT (⚡ High-Liquidity L1s) ──
2026-04-14 18:14:38,171       ML: SELL 50.3% (need ≥50%)
2026-04-14 18:14:38,171       ADX: 41.6 (need ≥15)
2026-04-14 18:14:38,171       Score: 1 (need ≥1)
2026-04-14 18:14:38,172       🛑 MARGIN PROTECTED: Slots full (3/3). Trade skipped.
2026-04-14 18:14:38,272 
  ── SUIUSDT (⚡ High-Liquidity L1s) ──
2026-04-14 18:14:39,979       ML: BUY 48.2% (need ≥50%)
2026-04-14 18:14:40,080 
  ── APTUSDT (⚡ High-Liquidity L1s) ──
2026-04-14 18:14:41,639       ML: NO_TRADE 98.5% (need ≥50%)
2026-04-14 18:14:41,740 
  ── LINKUSDT (🏛 Institutional Alts) ──
2026-04-14 18:14:43,286       ML: NO_TRADE 98.3% (need ≥50%)
2026-04-14 18:14:43,386 
  ── DOTUSDT (🏛 Institutional Alts) ──
2026-04-14 18:14:44,896       ML: SELL 72.6% (need ≥50%)
2026-04-14 18:14:44,897       ADX: 24.0 (need ≥15)
2026-04-14 18:14:44,897       Score: 2 (need ≥1)
2026-04-14 18:14:44,897       🛑 MARGIN PROTECTED: Slots full (3/3). Trade skipped.
2026-04-14 18:14:44,997 
  ── UNIUSDT (🏛 Institutional Alts) ──
2026-04-14 18:14:46,545       ML: SELL 44.0% (need ≥50%)
2026-04-14 18:14:46,645 
  ── AAVEUSDT (🏛 Institutional Alts) ──
2026-04-14 18:14:48,263       ML: BUY 55.0% (need ≥50%)
2026-04-14 18:14:48,264       ADX: 24.7 (need ≥15)
2026-04-14 18:14:48,264       Score: 2 (need ≥1)
2026-04-14 18:14:48,264       🛑 MARGIN PROTECTED: Slots full (3/3). Trade skipped.
2026-04-14 18:14:48,365 
  ── XRPUSDT (🏛 Institutional Alts) ──
2026-04-14 18:14:49,954       ML: NO_TRADE 98.4% (need ≥50%)
2026-04-14 18:14:50,055 
  ── FETUSDT (🤖 AI & Momentum) ──
2026-04-14 18:14:51,613       ML: BUY 39.2% (need ≥50%)
2026-04-14 18:14:51,713 
  ── RENDERUSDT (🤖 AI & Momentum) ──
2026-04-14 18:14:53,490       ML: SELL 42.6% (need ≥50%)
2026-04-14 18:14:53,591 
  ── ADAUSDT (🤖 AI & Momentum) ──
2026-04-14 18:14:55,185       ML: NO_TRADE 43.6% (need ≥50%)
2026-04-14 18:14:55,285 
  ── INJUSDT (🤖 AI & Momentum) ──
2026-04-14 18:14:56,949       ML: NO_TRADE 98.6% (need ≥50%)
2026-04-14 18:14:57,049 
  ── ARBUSDT (🤖 AI & Momentum) ──
2026-04-14 18:14:58,599       ML: SELL 44.9% (need ≥50%)
2026-04-14 18:14:58,699 
  ── OPUSDT (🤖 AI & Momentum) ──
2026-04-14 18:15:00,336       ML: BUY 59.1% (need ≥50%)
2026-04-14 18:15:00,336       ADX: 22.2 (need ≥15)
2026-04-14 18:15:00,336       Score: 2 (need ≥1)
2026-04-14 18:15:00,337       🛑 MARGIN PROTECTED: Slots full (3/3). Trade skipped.
2026-04-14 18:15:00,437 
  ── SEIUSDT (🤖 AI & Momentum) ──
2026-04-14 18:15:02,896       ML: NO_TRADE 98.5% (need ≥50%)
2026-04-14 18:15:02,996 
════════════════════════════════════════════════════════
SCAN COMPLETE
════════════════════════════════════════════════════════
